;  LST file generated by mikroListExporter - v.2.0 
; Date/Time: 16/05/2024 08:38:18 p. m.
;----------------------------------------------

;Address Opcode 	ASM
0x0000	0x2848      	GOTO       72
_interrupt:
0x0004	0x00FF      	MOVWF      R15
0x0005	0x0E03      	SWAPF      STATUS, 0
0x0006	0x0183      	CLRF       STATUS
0x0007	0x00A6      	MOVWF      ___saveSTATUS
0x0008	0x080A      	MOVF       PCLATH, 0
0x0009	0x00A7      	MOVWF      ___savePCLATH
0x000A	0x018A      	CLRF       PCLATH
0x000B	0x0870      	MOVF       R0, 0
0x000C	0x00A1      	MOVWF      33
0x000D	0x0871      	MOVF       R1, 0
0x000E	0x00A0      	MOVWF      32
;ProyectoFinal.c,10 :: 		void interrupt()
;ProyectoFinal.c,15 :: 		if(myCount==8)
0x000F	0x3000      	MOVLW      0
0x0010	0x0623      	XORWF      interrupt_myCount_L0+1, 0
0x0011	0x1D03      	BTFSS      STATUS, 2
0x0012	0x2815      	GOTO       L__interrupt6
0x0013	0x3008      	MOVLW      8
0x0014	0x0622      	XORWF      interrupt_myCount_L0, 0
L__interrupt6:
0x0015	0x1D03      	BTFSS      STATUS, 2
0x0016	0x281E      	GOTO       L_interrupt0
;ProyectoFinal.c,17 :: 		INTCON.T0IF = 0;        //Clear the Timer 0 interrupt flag
0x0017	0x110B      	BCF        INTCON, 2
;ProyectoFinal.c,18 :: 		TMR0 = 0;               //Load a value of 0 into the timer
0x0018	0x0181      	CLRF       TMR0
;ProyectoFinal.c,23 :: 		PORTD.RD5 = ~PORTD.RD5; //Toggle the LED
0x0019	0x3020      	MOVLW      32
0x001A	0x0688      	XORWF      PORTD, 1
;ProyectoFinal.c,24 :: 		myCount = 0;
0x001B	0x01A2      	CLRF       interrupt_myCount_L0
0x001C	0x01A3      	CLRF       interrupt_myCount_L0+1
;ProyectoFinal.c,25 :: 		}
0x001D	0x282A      	GOTO       L_interrupt1
L_interrupt0:
;ProyectoFinal.c,28 :: 		myCount++;
0x001E	0x0822      	MOVF       interrupt_myCount_L0, 0
0x001F	0x3E01      	ADDLW      1
0x0020	0x00F0      	MOVWF      R0
0x0021	0x3000      	MOVLW      0
0x0022	0x1803      	BTFSC      STATUS, 0
0x0023	0x3E01      	ADDLW      1
0x0024	0x0723      	ADDWF      interrupt_myCount_L0+1, 0
0x0025	0x00F1      	MOVWF      R0+1
0x0026	0x0870      	MOVF       R0, 0
0x0027	0x00A2      	MOVWF      interrupt_myCount_L0
0x0028	0x0871      	MOVF       R0+1, 0
0x0029	0x00A3      	MOVWF      interrupt_myCount_L0+1
;ProyectoFinal.c,29 :: 		}
L_interrupt1:
;ProyectoFinal.c,30 :: 		}
L_end_interrupt:
L__interrupt5:
0x002A	0x0821      	MOVF       33, 0
0x002B	0x00F0      	MOVWF      R0
0x002C	0x0820      	MOVF       32, 0
0x002D	0x00F1      	MOVWF      R1
0x002E	0x0827      	MOVF       ___savePCLATH, 0
0x002F	0x008A      	MOVWF      PCLATH
0x0030	0x0E26      	SWAPF      ___saveSTATUS, 0
0x0031	0x0083      	MOVWF      STATUS
0x0032	0x0EFF      	SWAPF      R15, 1
0x0033	0x0E7F      	SWAPF      R15, 0
0x0034	0x0009      	RETFIE
; end of _interrupt
_____DoICP:
;__Lib_System.c,6 :: 		
;__Lib_System.c,9 :: 		
0x0035	0x1283      	BCF        STATUS, 5
0x0036	0x1303      	BCF        STATUS, 6
0x0037	0x0825      	MOVF       ___DoICPAddr+1, 0
0x0038	0x008A      	MOVWF      PCLATH
;__Lib_System.c,10 :: 		
0x0039	0x0824      	MOVF       ___DoICPAddr, 0
0x003A	0x0082      	MOVWF      PCL
;__Lib_System.c,12 :: 		
L_end_____DoICP:
0x003B	0x0008      	RETURN
; end of _____DoICP
___CC2DW:
;__Lib_System.c,134 :: 		
;__Lib_System.c,137 :: 		
_CC2D_Loop1:
;__Lib_System.c,139 :: 		
0x003C	0x2035      	CALL       _____DoICP
0x003D	0x118A      	BCF        PCLATH, 3
0x003E	0x120A      	BCF        PCLATH, 4
;__Lib_System.c,141 :: 		
0x003F	0x0080      	MOVWF      INDF
;__Lib_System.c,142 :: 		
0x0040	0x0A84      	INCF       FSR, 1
;__Lib_System.c,143 :: 		
0x0041	0x0AA4      	INCF       ___DoICPAddr, 1
;__Lib_System.c,145 :: 		
0x0042	0x1903      	BTFSC      STATUS, 2
;__Lib_System.c,146 :: 		
0x0043	0x0AA5      	INCF       ___DoICPAddr+1, 1
;__Lib_System.c,147 :: 		
0x0044	0x03F0      	DECF       R0, 1
;__Lib_System.c,149 :: 		
0x0045	0x1D03      	BTFSS      STATUS, 2
;__Lib_System.c,150 :: 		
0x0046	0x283C      	GOTO       _CC2D_Loop1
;__Lib_System.c,152 :: 		
L_end___CC2DW:
0x0047	0x0008      	RETURN
; end of ___CC2DW
_main:
0x0048	0x1283      	BCF        STATUS, 5
0x0049	0x1303      	BCF        STATUS, 6
0x004A	0x01A2      	CLRF       interrupt_myCount_L0
0x004B	0x01A3      	CLRF       35
;ProyectoFinal.c,32 :: 		int main()
;ProyectoFinal.c,34 :: 		TRISA = 0xFF;   //set all digital I/O to inputs
0x004C	0x30FF      	MOVLW      255
0x004D	0x1683      	BSF        STATUS, 5
0x004E	0x0085      	MOVWF      TRISA
;ProyectoFinal.c,35 :: 		TRISB = 0xFF;
0x004F	0x30FF      	MOVLW      255
0x0050	0x0086      	MOVWF      TRISB
;ProyectoFinal.c,36 :: 		TRISC = 0xFF;
0x0051	0x30FF      	MOVLW      255
0x0052	0x0087      	MOVWF      TRISC
;ProyectoFinal.c,38 :: 		ANSEL = 0x00;   //disable all analog ports
0x0053	0x1703      	BSF        STATUS, 6
0x0054	0x0188      	CLRF       ANSEL
;ProyectoFinal.c,39 :: 		ANSELH = 0x00;
0x0055	0x0189      	CLRF       ANSELH
;ProyectoFinal.c,41 :: 		TRISD.TRISD5 = 0;   //set RB7 as an output
0x0056	0x1303      	BCF        STATUS, 6
0x0057	0x1288      	BCF        TRISD, 5
;ProyectoFinal.c,47 :: 		OPTION_REG.PSA = 0;       //Prescaler assigned to Timer 0 (other option is to
0x0058	0x1181      	BCF        OPTION_REG, 3
;ProyectoFinal.c,50 :: 		OPTION_REG.PS2 = 0;  //Set the prescaler to 1:256
0x0059	0x1101      	BCF        OPTION_REG, 2
;ProyectoFinal.c,51 :: 		OPTION_REG.PS1 = 1;  //Set the prescaler to 1:256
0x005A	0x1481      	BSF        OPTION_REG, 1
;ProyectoFinal.c,52 :: 		OPTION_REG.PS0 = 0;  //Set the prescaler to 1:256
0x005B	0x1001      	BCF        OPTION_REG, 0
;ProyectoFinal.c,54 :: 		OPTION_REG.T0CS = 0;    //Use the instruction clock (Fcy/4) as the timer
0x005C	0x1281      	BCF        OPTION_REG, 5
;ProyectoFinal.c,58 :: 		INTCON.T0IF = 0;        //Clear the Timer 0 interrupt flag
0x005D	0x110B      	BCF        INTCON, 2
;ProyectoFinal.c,59 :: 		TMR0 = 0;               //Load a value of 0 into the timer
0x005E	0x1283      	BCF        STATUS, 5
0x005F	0x0181      	CLRF       TMR0
;ProyectoFinal.c,60 :: 		INTCON.T0IE = 1;        //Enable the Timer 0 interrupt
0x0060	0x168B      	BSF        INTCON, 5
;ProyectoFinal.c,61 :: 		INTCON.GIE = 1;         //Set the Global Interrupt Enable
0x0061	0x178B      	BSF        INTCON, 7
;ProyectoFinal.c,67 :: 		while(1)
L_main2:
;ProyectoFinal.c,71 :: 		}
0x0062	0x2862      	GOTO       L_main2
;ProyectoFinal.c,74 :: 		}
L_end_main:
0x0063	0x2863      	GOTO       $+0
; end of _main
Symbol List:
//** Routines locations **
//ADDRESS    SIZE    PROCEDURE
//----------------------------------------------
0x0004      [49]    _interrupt
0x0035       [7]    _____DoICP
0x003C      [12]    ___CC2DW
0x0048      [28]    _main
//** Variables locations ** 
//ADDRESS    SIZE    VARIABLE
//----------------------------------------------
0x0000       [1]    INDF
0x0001       [1]    TMR0
0x0002       [1]    PCL
0x0003       [1]    STATUS
0x0004       [1]    FSR
0x0008       [1]    PORTD
0x000A       [1]    PCLATH
0x000B       [1]    INTCON
0x0022       [2]    interrupt_myCount_L0
0x0024       [2]    ___DoICPAddr
0x0026       [1]    ___saveSTATUS
0x0027       [1]    ___savePCLATH
0x0070       [1]    R0
0x0071       [1]    R1
0x0072       [1]    R2
0x0073       [1]    R3
0x0074       [1]    R4
0x0075       [1]    R5
0x0076       [1]    R6
0x0077       [1]    R7
0x0078       [1]    R8
0x0079       [1]    R9
0x007A       [1]    R10
0x007B       [1]    R11
0x007C       [1]    R12
0x007D       [1]    R13
0x007E       [1]    R14
0x007F       [1]    R15
0x0081       [1]    OPTION_REG
0x0085       [1]    TRISA
0x0086       [1]    TRISB
0x0087       [1]    TRISC
0x0088       [1]    TRISD
0x0188       [1]    ANSEL
0x0189       [1]    ANSELH
